[INFO  - 2015-01-19T10:37:43.891Z] GhostDriver - Main - running on port 2786
[INFO  - 2015-01-19T10:37:44.383Z] Session [33c4eed0-9fc7-11e4-bb82-612b286aade5] - CONSTRUCTOR - Desired Capabilities: {"browserName":"phantomjs","phantomjs.cli.args":["--web-security=false","--ssl-protocol=any","--ignore-ssl-errors=true","--webdriver-loglevel=OFF"],"version":"","platform":"ANY"}
[INFO  - 2015-01-19T10:37:44.384Z] Session [33c4eed0-9fc7-11e4-bb82-612b286aade5] - CONSTRUCTOR - Negotiated Capabilities: {"browserName":"phantomjs","version":"1.9.0","driverName":"ghostdriver","driverVersion":"1.0.3","platform":"linux-unknown-64bit","javascriptEnabled":true,"takesScreenshot":true,"handlesAlerts":false,"databaseEnabled":false,"locationContextEnabled":false,"applicationCacheEnabled":false,"browserConnectionEnabled":false,"cssSelectorsEnabled":true,"webStorageEnabled":false,"rotatable":false,"acceptSslCerts":false,"nativeEvents":true,"proxy":{"proxyType":"direct"}}
[INFO  - 2015-01-19T10:37:44.384Z] SessionManagerReqHand - _postNewSessionCommand - New Session Created: 33c4eed0-9fc7-11e4-bb82-612b286aade5
[INFO  - 2015-01-19T10:38:03.543Z] ShutdownReqHand - _handle - About to shutdown
[INFO  - 2015-01-19T10:43:57.011Z] GhostDriver - Main - running on port 19928
[INFO  - 2015-01-19T10:43:57.534Z] Session [122f1ab0-9fc8-11e4-82d1-e1ca684013e2] - CONSTRUCTOR - Desired Capabilities: {"browserName":"phantomjs","phantomjs.cli.args":["--web-security=false","--ssl-protocol=any","--ignore-ssl-errors=true","--webdriver-loglevel=OFF"],"version":"","platform":"ANY"}
[INFO  - 2015-01-19T10:43:57.534Z] Session [122f1ab0-9fc8-11e4-82d1-e1ca684013e2] - CONSTRUCTOR - Negotiated Capabilities: {"browserName":"phantomjs","version":"1.9.0","driverName":"ghostdriver","driverVersion":"1.0.3","platform":"linux-unknown-64bit","javascriptEnabled":true,"takesScreenshot":true,"handlesAlerts":false,"databaseEnabled":false,"locationContextEnabled":false,"applicationCacheEnabled":false,"browserConnectionEnabled":false,"cssSelectorsEnabled":true,"webStorageEnabled":false,"rotatable":false,"acceptSslCerts":false,"nativeEvents":true,"proxy":{"proxyType":"direct"}}
[INFO  - 2015-01-19T10:43:57.534Z] SessionManagerReqHand - _postNewSessionCommand - New Session Created: 122f1ab0-9fc8-11e4-82d1-e1ca684013e2
[INFO  - 2015-01-19T10:44:13.078Z] ShutdownReqHand - _handle - About to shutdown
[INFO  - 2015-01-19T10:45:22.412Z] GhostDriver - Main - running on port 13567
[INFO  - 2015-01-19T10:45:22.923Z] Session [45146e80-9fc8-11e4-9fa1-a9d5ff3fa1d5] - CONSTRUCTOR - Desired Capabilities: {"browserName":"phantomjs","phantomjs.cli.args":["--web-security=false","--ssl-protocol=any","--ignore-ssl-errors=true","--webdriver-loglevel=OFF"],"version":"","platform":"ANY"}
[INFO  - 2015-01-19T10:45:22.923Z] Session [45146e80-9fc8-11e4-9fa1-a9d5ff3fa1d5] - CONSTRUCTOR - Negotiated Capabilities: {"browserName":"phantomjs","version":"1.9.0","driverName":"ghostdriver","driverVersion":"1.0.3","platform":"linux-unknown-64bit","javascriptEnabled":true,"takesScreenshot":true,"handlesAlerts":false,"databaseEnabled":false,"locationContextEnabled":false,"applicationCacheEnabled":false,"browserConnectionEnabled":false,"cssSelectorsEnabled":true,"webStorageEnabled":false,"rotatable":false,"acceptSslCerts":false,"nativeEvents":true,"proxy":{"proxyType":"direct"}}
[INFO  - 2015-01-19T10:45:22.924Z] SessionManagerReqHand - _postNewSessionCommand - New Session Created: 45146e80-9fc8-11e4-9fa1-a9d5ff3fa1d5
[INFO  - 2015-01-19T10:45:41.752Z] ShutdownReqHand - _handle - About to shutdown
[INFO  - 2015-01-19T10:46:46.986Z] GhostDriver - Main - running on port 22769
[INFO  - 2015-01-19T10:46:47.524Z] Session [7781ac20-9fc8-11e4-8413-059fe29f4d74] - CONSTRUCTOR - Desired Capabilities: {"browserName":"phantomjs","phantomjs.cli.args":["--web-security=false","--ssl-protocol=any","--ignore-ssl-errors=true","--webdriver-loglevel=OFF"],"version":"","platform":"ANY"}
[INFO  - 2015-01-19T10:46:47.524Z] Session [7781ac20-9fc8-11e4-8413-059fe29f4d74] - CONSTRUCTOR - Negotiated Capabilities: {"browserName":"phantomjs","version":"1.9.0","driverName":"ghostdriver","driverVersion":"1.0.3","platform":"linux-unknown-64bit","javascriptEnabled":true,"takesScreenshot":true,"handlesAlerts":false,"databaseEnabled":false,"locationContextEnabled":false,"applicationCacheEnabled":false,"browserConnectionEnabled":false,"cssSelectorsEnabled":true,"webStorageEnabled":false,"rotatable":false,"acceptSslCerts":false,"nativeEvents":true,"proxy":{"proxyType":"direct"}}
[INFO  - 2015-01-19T10:46:47.524Z] SessionManagerReqHand - _postNewSessionCommand - New Session Created: 7781ac20-9fc8-11e4-8413-059fe29f4d74
[INFO  - 2015-01-19T10:47:10.555Z] ShutdownReqHand - _handle - About to shutdown
[INFO  - 2015-01-19T10:49:00.927Z] GhostDriver - Main - running on port 8306
[INFO  - 2015-01-19T10:49:01.440Z] Session [c7537ad0-9fc8-11e4-b723-6145b912ab04] - CONSTRUCTOR - Desired Capabilities: {"browserName":"phantomjs","phantomjs.cli.args":["--web-security=false","--ssl-protocol=any","--ignore-ssl-errors=true","--webdriver-loglevel=OFF"],"version":"","platform":"ANY"}
[INFO  - 2015-01-19T10:49:01.440Z] Session [c7537ad0-9fc8-11e4-b723-6145b912ab04] - CONSTRUCTOR - Negotiated Capabilities: {"browserName":"phantomjs","version":"1.9.0","driverName":"ghostdriver","driverVersion":"1.0.3","platform":"linux-unknown-64bit","javascriptEnabled":true,"takesScreenshot":true,"handlesAlerts":false,"databaseEnabled":false,"locationContextEnabled":false,"applicationCacheEnabled":false,"browserConnectionEnabled":false,"cssSelectorsEnabled":true,"webStorageEnabled":false,"rotatable":false,"acceptSslCerts":false,"nativeEvents":true,"proxy":{"proxyType":"direct"}}
[INFO  - 2015-01-19T10:49:01.440Z] SessionManagerReqHand - _postNewSessionCommand - New Session Created: c7537ad0-9fc8-11e4-b723-6145b912ab04
[INFO  - 2015-01-19T10:49:12.964Z] ShutdownReqHand - _handle - About to shutdown
[INFO  - 2015-01-19T10:49:33.878Z] GhostDriver - Main - running on port 3835
[INFO  - 2015-01-19T10:49:34.394Z] Session [daf7dc70-9fc8-11e4-960c-558291f6feae] - CONSTRUCTOR - Desired Capabilities: {"browserName":"phantomjs","phantomjs.cli.args":["--web-security=false","--ssl-protocol=any","--ignore-ssl-errors=true","--webdriver-loglevel=OFF"],"version":"","platform":"ANY"}
[INFO  - 2015-01-19T10:49:34.394Z] Session [daf7dc70-9fc8-11e4-960c-558291f6feae] - CONSTRUCTOR - Negotiated Capabilities: {"browserName":"phantomjs","version":"1.9.0","driverName":"ghostdriver","driverVersion":"1.0.3","platform":"linux-unknown-64bit","javascriptEnabled":true,"takesScreenshot":true,"handlesAlerts":false,"databaseEnabled":false,"locationContextEnabled":false,"applicationCacheEnabled":false,"browserConnectionEnabled":false,"cssSelectorsEnabled":true,"webStorageEnabled":false,"rotatable":false,"acceptSslCerts":false,"nativeEvents":true,"proxy":{"proxyType":"direct"}}
[INFO  - 2015-01-19T10:49:34.395Z] SessionManagerReqHand - _postNewSessionCommand - New Session Created: daf7dc70-9fc8-11e4-960c-558291f6feae
[INFO  - 2015-01-19T10:49:50.107Z] ShutdownReqHand - _handle - About to shutdown
